2024-12-14 01:40:39,010 - src.utils - INFO - Попытка открыть JSON-файл
2024-12-14 01:40:39,011 - src.utils - INFO - Попытка подключения через API к сайту с курсом валют
2024-12-14 01:40:39,595 - src.utils - INFO - Успешное подключение через API к сайту с курсом валют
2024-12-14 01:40:39,596 - src.utils - INFO - Попытка подключения через API к сайту с курсом валют
2024-12-14 01:40:40,186 - src.utils - INFO - Успешное подключение через API к сайту с курсом валют
2024-12-14 01:40:42,919 - src.utils - INFO - Попытка открыть JSON-файл
2024-12-14 01:40:42,919 - src.utils - INFO - Попытка подключения через API к сайту с курсом валют
2024-12-14 01:40:43,458 - src.utils - INFO - Успешное подключение через API к сайту с курсом валют
2024-12-14 01:40:43,458 - src.utils - INFO - Попытка подключения через API к сайту с курсом валют
2024-12-14 01:40:43,847 - src.utils - INFO - Успешное подключение через API к сайту с курсом валют
2024-12-14 01:40:43,847 - src.utils - INFO - Попытка открыть JSON-файл
2024-12-14 01:40:43,848 - src.utils - INFO - Попытка подключения через API к сайту со стоимостью акций
2024-12-14 01:40:44,498 - src.utils - INFO - Успешное подключение через API к сайту со стоимостью акций
2024-12-14 01:40:45,262 - src.utils - INFO - Успешное подключение через API к сайту со стоимостью акций
2024-12-14 01:40:46,224 - src.utils - INFO - Успешное подключение через API к сайту со стоимостью акций
2024-12-14 01:40:47,154 - src.utils - INFO - Успешное подключение через API к сайту со стоимостью акций
2024-12-14 01:40:48,117 - src.utils - INFO - Успешное подключение через API к сайту со стоимостью акций
2024-12-14 01:40:51,479 - src.utils - INFO - Попытка открыть JSON-файл
2024-12-14 01:40:51,481 - src.utils - INFO - Попытка открыть JSON-файл
2024-12-14 01:40:51,482 - src.utils - WARNING - Проблема с содержимым JSON-файла
2024-12-14 01:40:51,483 - src.utils - INFO - Попытка открыть JSON-файл
2024-12-14 01:40:51,483 - src.utils - WARNING - Возможна проблема с путем до JSON-файла
